ComposeToucMsg: ID=17F8F173 TYPE=PREPARE  X=0  Y=0  

73:F1:F8:17:08:07:A0:00:11:10:00:00:FD:
ComposeToucMsg: ID=17F8F173 TYPE=PRESS  X=0  Y=0  

73:F1:F8:17:08:07:A0:00:11:10:00:00:20:
ComposeToucMsg: ID=17F8F173 TYPE=RELEASE  X=0  Y=0  

73:F1:F8:17:08:07:A0:00:10:10:00:00:FF:
ComposeToucMsg: ID=17F8F173 TYPE=PREPARE  X=0  Y=0  
73:F1:F8:17:08:07:A0:00:11:10:00:00:FD:
ComposeToucMsg: ID=17F8F173 TYPE=PRESS  X=0  Y=0  
73:F1:F8:17:08:07:A0:00:11:10:00:00:20:
ComposeToucMsg: ID=17F8F173 TYPE=RELEASE  X=0  Y=0  
73:F1:F8:17:08:07:A0:00:10:10:00:00:FF:
Sending MSG HOME_PRESSED - #1: IP addr: 192.168.4.10   PORT: 7777
Message sent:
73:F1:F8:17:08:04:30:66:01:AA:AA:AA:AA:
Sending MSG HOME_RELEASED - #2: IP addr: 192.168.4.10   PORT: 7777
Message sent:
73:F1:F8:17:08:04:30:66:00:AA:AA:AA:AA:
Sending MSG MENU_PRESSED - #1: IP addr: 192.168.4.10   PORT: 7777
Message sent:
73:F1:F8:17:08:04:30:1A:01:00:AA:AA:AA:
Sending MSG MENU_RELEASED - #2: IP addr: 192.168.4.10   PORT: 7777
Message sent:
73:F1:F8:17:08:04:30:1A:00:10:AA:AA:AA:
Sending MSG POWER_PRESSED - #1: IP addr: 192.168.4.10   PORT: 7777
Message sent:
73:F1:F8:17:08:04:30:38:01:AA:AA:AA:AA:
Sending MSG POWER_RELEASED - #2: IP addr: 192.168.4.10   PORT: 7777
Message sent:
73:F1:F8:17:08:04:30:38:00:AA:AA:AA:AA:
ComposeToucMsg: ID=17F8F173 TYPE=PREPARE  X=50  Y=100  
73:F1:F8:17:08:07:A0:00:11:10:C8:64:FD:
ComposeToucMsg: ID=17F8F173 TYPE=PRESS  X=50  Y=100  
73:F1:F8:17:08:07:A0:00:11:10:C8:64:20:
ComposeToucMsg: ID=17F8F173 TYPE=RELEASE  X=50  Y=100  
73:F1:F8:17:08:07:A0:00:10:10:C8:64:FF:
Sending MSG HOME_PRESSED - #1: IP addr: 192.168.4.10   PORT: 7777
Message sent:
73:F1:F8:17:08:04:30:66:01:AA:AA:AA:AA:
Sending MSG HOME_RELEASED - #2: IP addr: 192.168.4.10   PORT: 7777
Message sent:
73:F1:F8:17:08:04:30:66:00:AA:AA:AA:AA:
Sending MSG MENU_PRESSED - #1: IP addr: 192.168.4.10   PORT: 7777
Message sent:
73:F1:F8:17:08:04:30:1A:01:00:AA:AA:AA:
Sending MSG MENU_RELEASED - #2: IP addr: 192.168.4.10   PORT: 7777
Message sent:
73:F1:F8:17:08:04:30:1A:00:10:AA:AA:AA:
Sending MSG POWER_PRESSED - #1: IP addr: 192.168.4.10   PORT: 7777
Message sent:
73:F1:F8:17:08:04:30:38:01:AA:AA:AA:AA:
Sending MSG POWER_RELEASED - #2: IP addr: 192.168.4.10   PORT: 7777
Message sent:
73:F1:F8:17:08:04:30:38:00:AA:AA:AA:AA:
ComposeToucMsg: ID=17F8F173 TYPE=PREPARE  X=0  Y=0  
73:F1:F8:17:08:07:A0:00:11:10:00:00:FD:
ComposeToucMsg: ID=17F8F173 TYPE=PRESS  X=0  Y=0  
73:F1:F8:17:08:07:A0:00:11:10:00:00:20:
ComposeToucMsg: ID=17F8F173 TYPE=RELEASE  X=0  Y=0  
73:F1:F8:17:08:07:A0:00:10:10:00:00:FF:
ComposeToucMsg: ID=17F8F173 TYPE=PREPARE  X=50  Y=100  
73:F1:F8:17:08:07:A0:00:11:10:C8:64:FD:
ComposeToucMsg: ID=17F8F173 TYPE=PRESS  X=50  Y=100  
73:F1:F8:17:08:07:A0:00:11:10:C8:64:20:
ComposeToucMsg: ID=17F8F173 TYPE=RELEASE  X=50  Y=100  
73:F1:F8:17:08:07:A0:00:10:10:C8:64:FF:
ComposeToucMsg: ID=17F8F173 TYPE=PREPARE  X=250  Y=500  
73:F1:F8:17:08:07:A0:00:11:13:E9:F4:FD:
ComposeToucMsg: ID=17F8F173 TYPE=PRESS  X=250  Y=500  
73:F1:F8:17:08:07:A0:00:11:13:E9:F4:20:
ComposeToucMsg: ID=17F8F173 TYPE=RELEASE  X=250  Y=500  
73:F1:F8:17:08:07:A0:00:10:13:E9:F4:FF:
IP addr: 192.168.4.10   PORT: 7777
Message sent:
73:F1:F8:17:08:04:30:66:01:AA:AA:AA:AA
IP addr: 192.168.4.10   PORT: 7777
Message sent:
73:F1:F8:17:08:04:30:1A:01:00:AA:AA:AA
